<?xml version="1.0" encoding="UTF-8"?>
<testng-results skipped="0" failed="0" ignored="0" total="1" passed="1">
  <reporter-output>
  </reporter-output>
  <suite name="Default suite" duration-ms="111" started-at="2020-02-04T02:07:50Z" finished-at="2020-02-04T02:07:50Z">
    <groups>
    </groups>
    <test name="Default test" duration-ms="111" started-at="2020-02-04T02:07:50Z" finished-at="2020-02-04T02:07:50Z">
      <class name="com.project.suitea.LoginTest">
        <test-method status="PASS" signature="init()[pri:0, instance:com.project.suitea.LoginTest@91161c7]" name="init" is-config="true" duration-ms="29" started-at="2020-02-04T02:07:50Z" finished-at="2020-02-04T02:07:50Z">
          <reporter-output>
          </reporter-output>
        </test-method> <!-- init -->
        <test-method status="PASS" signature="login()[pri:0, instance:com.project.suitea.LoginTest@91161c7]" name="login" duration-ms="15" started-at="2020-02-04T02:07:50Z" finished-at="2020-02-04T02:07:50Z">
          <reporter-output>
          </reporter-output>
        </test-method> <!-- login -->
        <test-method status="PASS" signature="afterTest()[pri:0, instance:com.project.suitea.LoginTest@91161c7]" name="afterTest" is-config="true" duration-ms="1" started-at="2020-02-04T02:07:50Z" finished-at="2020-02-04T02:07:50Z">
          <reporter-output>
          </reporter-output>
        </test-method> <!-- afterTest -->
      </class> <!-- com.project.suitea.LoginTest -->
    </test> <!-- Default test -->
  </suite> <!-- Default suite -->
</testng-results>
