<?xml version="1.0" encoding="UTF-8"?>
<!-- Generated by org.testng.reporters.JUnitXMLReporter -->
<testsuite hostname="DESKTOP-27L8JE7" ignored="0" name="Default test" tests="3" failures="0" timestamp="10 Feb 2020 02:11:27 GMT" time="1.559" errors="0">
  <testcase name="login" time="0.035" classname="com.project.suitea.LoginTest"/>
  <testcase name="login" time="0.009" classname="com.project.suitea.LoginTest">
    <skipped/>
  </testcase> <!-- login -->
  <testcase name="login" time="0.003" classname="com.project.suitea.LoginTest">
    <skipped/>
  </testcase> <!-- login -->
</testsuite> <!-- Default test -->
