<?xml version="1.0" encoding="UTF-8"?>
<!-- Generated by org.testng.reporters.JUnitXMLReporter -->
<testsuite hostname="DESKTOP-27L8JE7" ignored="0" name="Default test" tests="3" failures="0" timestamp="13 Feb 2020 01:45:41 GMT" time="23.098" errors="0">
  <testcase name="login" time="20.034" classname="com.project.suitea.LoginTest"/>
  <testcase name="login" time="0.003" classname="com.project.suitea.LoginTest">
    <skipped/>
  </testcase> <!-- login -->
  <testcase name="login" time="0.002" classname="com.project.suitea.LoginTest">
    <skipped/>
  </testcase> <!-- login -->
</testsuite> <!-- Default test -->
